e:\dirextx\samplerendering\samplerendering\samplerendering\x64\release\vc141.pdb
e:\dirextx\samplerendering\samplerendering\samplerendering\x64\release\windowsprocess.obj
e:\dirextx\samplerendering\samplerendering\samplerendering\x64\release\windowsmain.obj
e:\dirextx\samplerendering\samplerendering\samplerendering\x64\release\texturemanage.obj
e:\dirextx\samplerendering\samplerendering\samplerendering\x64\release\shadowmapmanager.obj
e:\dirextx\samplerendering\samplerendering\samplerendering\x64\release\psomanage.obj
e:\dirextx\samplerendering\samplerendering\samplerendering\x64\release\renderitemmanage.obj
e:\dirextx\samplerendering\samplerendering\samplerendering\x64\release\renderbase.obj
e:\dirextx\samplerendering\samplerendering\samplerendering\x64\release\modelmanager.obj
e:\dirextx\samplerendering\samplerendering\samplerendering\x64\release\iblspecular.obj
e:\dirextx\samplerendering\samplerendering\samplerendering\x64\release\iblprocess.obj
e:\dirextx\samplerendering\samplerendering\samplerendering\x64\release\gbuffer.obj
e:\dirextx\samplerendering\samplerendering\samplerendering\x64\release\gametimer.obj
e:\dirextx\samplerendering\samplerendering\samplerendering\x64\release\frameresource.obj
e:\dirextx\samplerendering\samplerendering\samplerendering\x64\release\debugrendering.obj
e:\dirextx\samplerendering\samplerendering\samplerendering\x64\release\mathhelper.obj
e:\dirextx\samplerendering\samplerendering\samplerendering\x64\release\geometrygenerator.obj
e:\dirextx\samplerendering\samplerendering\samplerendering\x64\release\ddstextureloader.obj
e:\dirextx\samplerendering\samplerendering\samplerendering\x64\release\d3dutil.obj
e:\dirextx\samplerendering\samplerendering\samplerendering\x64\release\camera.obj
e:\dirextx\samplerendering\samplerendering\samplerendering\x64\release\samplerendering.tlog\cl.command.1.tlog
e:\dirextx\samplerendering\samplerendering\samplerendering\x64\release\samplerendering.tlog\cl.read.1.tlog
e:\dirextx\samplerendering\samplerendering\samplerendering\x64\release\samplerendering.tlog\cl.write.1.tlog
e:\dirextx\samplerendering\samplerendering\samplerendering\x64\release\samplerendering.tlog\fxc.command.1.tlog
e:\dirextx\samplerendering\samplerendering\samplerendering\x64\release\samplerendering.tlog\fxc.read.1.tlog
e:\dirextx\samplerendering\samplerendering\samplerendering\x64\release\samplerendering.tlog\link.command.1.tlog
e:\dirextx\samplerendering\samplerendering\samplerendering\x64\release\samplerendering.tlog\link.read.1.tlog
e:\dirextx\samplerendering\samplerendering\samplerendering\x64\release\samplerendering.tlog\link.write.1.tlog
