i:\renderingprogram\samplerendering\samplerendering\x64\debug\vc141.pdb
i:\renderingprogram\samplerendering\samplerendering\x64\debug\vc141.idb
i:\renderingprogram\samplerendering\samplerendering\x64\debug\texturemanage.obj
i:\renderingprogram\samplerendering\samplerendering\x64\debug\psomanage.obj
i:\renderingprogram\samplerendering\samplerendering\x64\debug\renderitemmanage.obj
i:\renderingprogram\samplerendering\samplerendering\x64\debug\renderbase.obj
i:\renderingprogram\samplerendering\samplerendering\x64\debug\iblspecular.obj
i:\renderingprogram\samplerendering\samplerendering\x64\debug\iblprocess.obj
i:\renderingprogram\samplerendering\samplerendering\x64\debug\gbuffer.obj
i:\renderingprogram\samplerendering\samplerendering\x64\debug\gametimer.obj
i:\renderingprogram\samplerendering\samplerendering\x64\debug\frameresource.obj
i:\renderingprogram\samplerendering\samplerendering\x64\debug\mathhelper.obj
i:\renderingprogram\samplerendering\samplerendering\x64\debug\geometrygenerator.obj
i:\renderingprogram\samplerendering\samplerendering\x64\debug\ddstextureloader.obj
i:\renderingprogram\samplerendering\samplerendering\x64\debug\camera.obj
e:\dirextx\samplerendering\samplerendering\samplerendering\x64\debug\camera.obj
e:\dirextx\samplerendering\samplerendering\samplerendering\x64\debug\ddstextureloader.obj
e:\dirextx\samplerendering\samplerendering\samplerendering\x64\debug\frameresource.obj
e:\dirextx\samplerendering\samplerendering\samplerendering\x64\debug\gametimer.obj
e:\dirextx\samplerendering\samplerendering\samplerendering\x64\debug\gbuffer.obj
e:\dirextx\samplerendering\samplerendering\samplerendering\x64\debug\geometrygenerator.obj
e:\dirextx\samplerendering\samplerendering\samplerendering\x64\debug\iblprocess.obj
e:\dirextx\samplerendering\samplerendering\samplerendering\x64\debug\iblspecular.obj
e:\dirextx\samplerendering\samplerendering\samplerendering\x64\debug\mathhelper.obj
e:\dirextx\samplerendering\samplerendering\samplerendering\x64\debug\psomanage.obj
e:\dirextx\samplerendering\samplerendering\samplerendering\x64\debug\renderbase.obj
e:\dirextx\samplerendering\samplerendering\samplerendering\x64\debug\renderitemmanage.obj
e:\dirextx\samplerendering\samplerendering\samplerendering\x64\debug\texturemanage.obj
e:\dirextx\samplerendering\samplerendering\samplerendering\x64\debug\vc141.idb
e:\dirextx\samplerendering\samplerendering\samplerendering\x64\debug\vc141.pdb
e:\dirextx\samplerendering\samplerendering\samplerendering\x64\debug\samplerendering.tlog\cl.command.1.tlog
e:\dirextx\samplerendering\samplerendering\samplerendering\x64\debug\samplerendering.tlog\cl.read.1.tlog
e:\dirextx\samplerendering\samplerendering\samplerendering\x64\debug\samplerendering.tlog\cl.write.1.tlog
e:\dirextx\samplerendering\samplerendering\samplerendering\x64\debug\samplerendering.tlog\fxc.command.1.tlog
e:\dirextx\samplerendering\samplerendering\samplerendering\x64\debug\samplerendering.tlog\fxc.read.1.tlog
