  Camera.cpp
i:\renderingprogram\samplerendering\samplerendering\common\camera.cpp(72): warning C4244: “return”: 从“double”转换到“float”，可能丢失数据
i:\renderingprogram\samplerendering\samplerendering\common\camera.cpp(127): warning C4244: “参数”: 从“double”转换到“float”，可能丢失数据
  d3dUtil.cpp
i:\renderingprogram\samplerendering\samplerendering\common\d3dutil.cpp(146): error C2440: “初始化”: 无法从“const TCHAR *”转换为“std::basic_string<wchar_t,std::char_traits<wchar_t>,std::allocator<wchar_t>>”
  i:\renderingprogram\samplerendering\samplerendering\common\d3dutil.cpp(146): note: 无构造函数可以接受源类型，或构造函数重载决策不明确
  DDSTextureLoader.cpp
  GeometryGenerator.cpp
i:\renderingprogram\samplerendering\samplerendering\common\geometrygenerator.cpp(80): warning C4018: “<=”: 有符号/无符号不匹配
i:\renderingprogram\samplerendering\samplerendering\common\geometrygenerator.cpp(112): warning C4018: “<=”: 有符号/无符号不匹配
  MathHelper.cpp
  FrameResource.cpp
  GameTimer.cpp
  Gbuffer.cpp
  IBLProcess.cpp
  IBLSpecular.cpp
i:\renderingprogram\samplerendering\samplerendering\iblspecular.cpp(212): warning C4244: “=”: 从“int”转换到“float”，可能丢失数据
i:\renderingprogram\samplerendering\samplerendering\iblspecular.cpp(241): warning C4244: “初始化”: 从“double”转换到“int”，可能丢失数据
i:\renderingprogram\samplerendering\samplerendering\iblspecular.cpp(242): warning C4244: “=”: 从“UINT”转换到“FLOAT”，可能丢失数据
i:\renderingprogram\samplerendering\samplerendering\iblspecular.cpp(243): warning C4244: “=”: 从“UINT”转换到“FLOAT”，可能丢失数据
  RenderBase.cpp
i:\renderingprogram\samplerendering\samplerendering\renderbase.cpp(441): warning C4244: “初始化”: 从“UINT64”转换到“int”，可能丢失数据
  RenderItemManage.cpp
i:\renderingprogram\samplerendering\samplerendering\renderitemmanage.cpp(45): warning C4267: “参数”: 从“size_t”转换到“UINT”，可能丢失数据
i:\renderingprogram\samplerendering\samplerendering\renderitemmanage.cpp(339): warning C4267: “+=”: 从“size_t”转换到“int”，可能丢失数据
i:\renderingprogram\samplerendering\samplerendering\renderitemmanage.cpp(355): warning C4267: “+=”: 从“size_t”转换到“int”，可能丢失数据
  PSOManage.cpp
  TextureManage.cpp
  WindowsMain.cpp
i:\renderingprogram\samplerendering\samplerendering\windowsmain.cpp(22): error C2664: “int MessageBoxA(HWND,LPCSTR,LPCSTR,UINT)”: 无法将参数 2 从“const _Elem *”转换为“LPCSTR”
          with
          [
              _Elem=wchar_t
          ]
  i:\renderingprogram\samplerendering\samplerendering\windowsmain.cpp(22): note: 与指向的类型无关；强制转换要求 reinterpret_cast、C 样式强制转换或函数样式强制转换
  WindowsProcess.cpp
i:\renderingprogram\samplerendering\samplerendering\windowsprocess.cpp(222): error C2440: “=”: 无法从“const wchar_t [8]”转换为“LPCSTR”
  i:\renderingprogram\samplerendering\samplerendering\windowsprocess.cpp(222): note: 与指向的类型无关；强制转换要求 reinterpret_cast、C 样式强制转换或函数样式强制转换
i:\renderingprogram\samplerendering\samplerendering\windowsprocess.cpp(226): error C2664: “int MessageBoxA(HWND,LPCSTR,LPCSTR,UINT)”: 无法将参数 2 从“const wchar_t [22]”转换为“LPCSTR”
  i:\renderingprogram\samplerendering\samplerendering\windowsprocess.cpp(226): note: 与指向的类型无关；强制转换要求 reinterpret_cast、C 样式强制转换或函数样式强制转换
i:\renderingprogram\samplerendering\samplerendering\windowsprocess.cpp(234): error C2664: “HWND CreateWindowExA(DWORD,LPCSTR,LPCSTR,DWORD,int,int,int,int,HWND,HMENU,HINSTANCE,LPVOID)”: 无法将参数 2 从“const wchar_t [8]”转换为“LPCSTR”
  i:\renderingprogram\samplerendering\samplerendering\windowsprocess.cpp(235): note: 与指向的类型无关；强制转换要求 reinterpret_cast、C 样式强制转换或函数样式强制转换
i:\renderingprogram\samplerendering\samplerendering\windowsprocess.cpp(239): error C2664: “int MessageBoxA(HWND,LPCSTR,LPCSTR,UINT)”: 无法将参数 2 从“const wchar_t [21]”转换为“LPCSTR”
  i:\renderingprogram\samplerendering\samplerendering\windowsprocess.cpp(239): note: 与指向的类型无关；强制转换要求 reinterpret_cast、C 样式强制转换或函数样式强制转换
i:\renderingprogram\samplerendering\samplerendering\windowsprocess.cpp(299): error C2664: “BOOL SetWindowTextA(HWND,LPCSTR)”: 无法将参数 2 从“const _Elem *”转换为“LPCSTR”
          with
          [
              _Elem=wchar_t
          ]
  i:\renderingprogram\samplerendering\samplerendering\windowsprocess.cpp(299): note: 与指向的类型无关；强制转换要求 reinterpret_cast、C 样式强制转换或函数样式强制转换
  正在生成代码...
