i:\renderingprogram\samplerendering\samplerendering\debug\vc141.pdb
i:\renderingprogram\samplerendering\samplerendering\debug\vc141.idb
i:\renderingprogram\samplerendering\samplerendering\debug\windowsprocess.obj
i:\renderingprogram\samplerendering\samplerendering\debug\windowsmain.obj
i:\renderingprogram\samplerendering\samplerendering\debug\texturemanage.obj
i:\renderingprogram\samplerendering\samplerendering\debug\psomanage.obj
i:\renderingprogram\samplerendering\samplerendering\debug\renderitemmanage.obj
i:\renderingprogram\samplerendering\samplerendering\debug\renderbase.obj
i:\renderingprogram\samplerendering\samplerendering\debug\iblspecular.obj
i:\renderingprogram\samplerendering\samplerendering\debug\iblprocess.obj
i:\renderingprogram\samplerendering\samplerendering\debug\gbuffer.obj
i:\renderingprogram\samplerendering\samplerendering\debug\gametimer.obj
i:\renderingprogram\samplerendering\samplerendering\debug\frameresource.obj
i:\renderingprogram\samplerendering\samplerendering\debug\mathhelper.obj
i:\renderingprogram\samplerendering\samplerendering\debug\geometrygenerator.obj
i:\renderingprogram\samplerendering\samplerendering\debug\ddstextureloader.obj
i:\renderingprogram\samplerendering\samplerendering\debug\d3dutil.obj
i:\renderingprogram\samplerendering\samplerendering\debug\camera.obj
i:\renderingprogram\samplerendering\debug\samplerendering.ilk
i:\renderingprogram\samplerendering\debug\samplerendering.exe
i:\renderingprogram\samplerendering\debug\samplerendering.pdb
i:\renderingprogram\samplerendering\samplerendering\debug\samplerendering.tlog\cl.command.1.tlog
i:\renderingprogram\samplerendering\samplerendering\debug\samplerendering.tlog\cl.read.1.tlog
i:\renderingprogram\samplerendering\samplerendering\debug\samplerendering.tlog\cl.write.1.tlog
i:\renderingprogram\samplerendering\samplerendering\debug\samplerendering.tlog\link.command.1.tlog
i:\renderingprogram\samplerendering\samplerendering\debug\samplerendering.tlog\link.read.1.tlog
i:\renderingprogram\samplerendering\samplerendering\debug\samplerendering.tlog\link.write.1.tlog
